<?xml version="1.0" encoding="UTF-8"?>
<testng-results ignored="0" total="1" passed="1" failed="0" skipped="0">
  <reporter-output>
  </reporter-output>
  <suite started-at="2022-12-27T10:46:54 IST" name="Default suite" finished-at="2022-12-27T10:48:10 IST" duration-ms="75712">
    <groups>
    </groups>
    <test started-at="2022-12-27T10:46:54 IST" name="Default test" finished-at="2022-12-27T10:48:10 IST" duration-ms="75712">
      <class name="com.flipkartProject.testClass.MoreOptionPageTest">
        <test-method is-config="true" signature="beginMethod()[pri:0, instance:com.flipkartProject.testClass.MoreOptionPageTest@3ad83a66]" started-at="2022-12-27T10:46:54 IST" name="beginMethod" finished-at="2022-12-27T10:47:41 IST" duration-ms="47319" status="PASS">
          <reporter-output>
          </reporter-output>
        </test-method> <!-- beginMethod -->
        <test-method signature="fashionValidation()[pri:1, instance:com.flipkartProject.testClass.MoreOptionPageTest@3ad83a66]" started-at="2022-12-27T10:47:41 IST" name="fashionValidation" finished-at="2022-12-27T10:48:09 IST" duration-ms="27854" status="PASS">
          <reporter-output>
          </reporter-output>
        </test-method> <!-- fashionValidation -->
        <test-method is-config="true" signature="tearDown()[pri:0, instance:com.flipkartProject.testClass.MoreOptionPageTest@3ad83a66]" started-at="2022-12-27T10:48:09 IST" name="tearDown" finished-at="2022-12-27T10:48:10 IST" duration-ms="503" status="PASS">
          <reporter-output>
          </reporter-output>
        </test-method> <!-- tearDown -->
      </class> <!-- com.flipkartProject.testClass.MoreOptionPageTest -->
    </test> <!-- Default test -->
  </suite> <!-- Default suite -->
</testng-results>
