<?xml version="1.0" encoding="UTF-8"?>
<testng-results ignored="0" total="1" passed="1" failed="0" skipped="0">
  <reporter-output>
  </reporter-output>
  <suite started-at="2022-12-23T14:50:19 IST" name="Default suite" finished-at="2022-12-23T14:51:31 IST" duration-ms="72686">
    <groups>
    </groups>
    <test started-at="2022-12-23T14:50:19 IST" name="Default test" finished-at="2022-12-23T14:51:31 IST" duration-ms="72686">
      <class name="com.flipkartProject.testClass.MoreOptionPageTest">
        <test-method is-config="true" signature="beginMethod()[pri:0, instance:com.flipkartProject.testClass.MoreOptionPageTest@1de76cc7]" started-at="2022-12-23T14:50:19 IST" name="beginMethod" finished-at="2022-12-23T14:51:06 IST" duration-ms="47374" status="PASS">
          <reporter-output>
          </reporter-output>
        </test-method> <!-- beginMethod -->
        <test-method signature="fashionValidation()[pri:1, instance:com.flipkartProject.testClass.MoreOptionPageTest@1de76cc7]" started-at="2022-12-23T14:51:06 IST" name="fashionValidation" finished-at="2022-12-23T14:51:31 IST" duration-ms="24710" status="PASS">
          <reporter-output>
          </reporter-output>
        </test-method> <!-- fashionValidation -->
        <test-method is-config="true" signature="tearDown()[pri:0, instance:com.flipkartProject.testClass.MoreOptionPageTest@1de76cc7]" started-at="2022-12-23T14:51:31 IST" name="tearDown" finished-at="2022-12-23T14:51:31 IST" duration-ms="571" status="PASS">
          <reporter-output>
          </reporter-output>
        </test-method> <!-- tearDown -->
      </class> <!-- com.flipkartProject.testClass.MoreOptionPageTest -->
    </test> <!-- Default test -->
  </suite> <!-- Default suite -->
</testng-results>
